<?xml version="1.0" encoding="UTF-8"?>
<testng-results skipped="0" failed="0" ignored="0" total="6" passed="6">
  <reporter-output>
  </reporter-output>
  <suite name="LearningSuite" duration-ms="32" started-at="2019-11-21T14:42:43 IST" finished-at="2019-11-21T14:42:43 IST">
    <groups>
    </groups>
    <test name="Smoke" duration-ms="32" started-at="2019-11-21T14:42:43 IST" finished-at="2019-11-21T14:42:43 IST">
      <class name="package2.depends">
        <test-method status="PASS" signature="beforeSuite()[pri:0, instance:package2.depends@5034c75a]" name="beforeSuite" is-config="true" duration-ms="1" started-at="2019-11-21T14:42:43 IST" finished-at="2019-11-21T14:42:43 IST">
          <reporter-output>
          </reporter-output>
        </test-method> <!-- beforeSuite -->
        <test-method status="PASS" signature="insert()[pri:0, instance:package2.depends@5034c75a]" name="insert" duration-ms="0" started-at="2019-11-21T14:42:43 IST" finished-at="2019-11-21T14:42:43 IST">
          <reporter-output>
          </reporter-output>
        </test-method> <!-- insert -->
        <test-method status="PASS" signature="test()[pri:0, instance:package2.depends@5034c75a]" name="test" duration-ms="1" started-at="2019-11-21T14:42:43 IST" finished-at="2019-11-21T14:42:43 IST">
          <reporter-output>
          </reporter-output>
        </test-method> <!-- test -->
        <test-method status="PASS" signature="select()[pri:0, instance:package2.depends@5034c75a]" name="select" duration-ms="0" started-at="2019-11-21T14:42:43 IST" depends-on-methods="package2.depends.insert" finished-at="2019-11-21T14:42:43 IST">
          <reporter-output>
          </reporter-output>
        </test-method> <!-- select -->
        <test-method status="PASS" signature="update()[pri:0, instance:package2.depends@5034c75a]" name="update" duration-ms="0" started-at="2019-11-21T14:42:43 IST" depends-on-methods="package2.depends.select" finished-at="2019-11-21T14:42:43 IST">
          <reporter-output>
          </reporter-output>
        </test-method> <!-- update -->
        <test-method status="PASS" signature="delete()[pri:0, instance:package2.depends@5034c75a]" name="delete" duration-ms="0" started-at="2019-11-21T14:42:43 IST" depends-on-methods="package2.depends.insert, package2.depends.update" finished-at="2019-11-21T14:42:43 IST">
          <reporter-output>
          </reporter-output>
        </test-method> <!-- delete -->
      </class> <!-- package2.depends -->
      <class name="package1.TestngLearning">
        <test-method status="PASS" signature="beforeSuite()[pri:0, instance:package1.TestngLearning@51efea79]" name="beforeSuite" is-config="true" duration-ms="9" started-at="2019-11-21T14:42:43 IST" finished-at="2019-11-21T14:42:43 IST">
          <reporter-output>
          </reporter-output>
        </test-method> <!-- beforeSuite -->
        <test-method status="PASS" signature="test()[pri:0, instance:package1.TestngLearning@51efea79]" name="test" duration-ms="1" started-at="2019-11-21T14:42:43 IST" finished-at="2019-11-21T14:42:43 IST">
          <reporter-output>
          </reporter-output>
        </test-method> <!-- test -->
      </class> <!-- package1.TestngLearning -->
    </test> <!-- Smoke -->
  </suite> <!-- LearningSuite -->
</testng-results>
