<?xml version="1.0" encoding="UTF-8"?>
<!-- Generated by org.testng.reporters.JUnitXMLReporter -->
<testsuite hostname="Chirag-Gupta" ignored="0" name="Smoke" tests="6" failures="0" timestamp="2019-11-21T14:42:43 IST" time="0.032" errors="0">
  <testcase name="test" time="0.001" classname="package1.TestngLearning"/>
  <testcase name="insert" time="0.0" classname="package2.depends"/>
  <testcase name="test" time="0.001" classname="package2.depends"/>
  <testcase name="select" time="0.0" classname="package2.depends"/>
  <testcase name="update" time="0.0" classname="package2.depends"/>
  <testcase name="delete" time="0.0" classname="package2.depends"/>
</testsuite> <!-- Smoke -->
